<?xml version="1.0" encoding="UTF-8"?>
<!-- Generated by org.testng.reporters.JUnitReportReporter -->
<testsuite skipped="0" hostname="minds" name="com.lati.testcases.LoginpageTest" tests="1" failures="0" timestamp="06 Feb 2019 10:36:54 GMT" time="20.082" errors="0">
  <testcase name="loginTest" time="20.082" classname="com.lati.testcases.LoginpageTest"/>
</testsuite> <!-- com.lati.testcases.LoginpageTest -->
