<?xml version="1.0" encoding="UTF-8"?>
<!-- Generated by org.testng.reporters.JUnitReportReporter -->
<testsuite skipped="0" hostname="minds" name="com.lati.testcases.HomepageTest" tests="1" failures="0" timestamp="07 Feb 2019 06:58:47 GMT" time="38.808" errors="0">
  <testcase name="clickOnAdministratorLink" time="38.808" classname="com.lati.testcases.HomepageTest"/>
</testsuite> <!-- com.lati.testcases.HomepageTest -->
