<?xml version="1.0" encoding="UTF-8"?>
<!-- Generated by org.testng.reporters.JUnitReportReporter -->
<testsuite skipped="0" hostname="minds" name="com.lati.testcases.AddResourceTest" tests="1" failures="0" timestamp="08 Feb 2019 10:15:15 GMT" time="92.201" errors="0">
  <testcase name="clickOnAddResource" time="92.201" classname="com.lati.testcases.AddResourceTest"/>
</testsuite> <!-- com.lati.testcases.AddResourceTest -->
